<?xml version="1.0" encoding="UTF-8"?>
<!-- Generated by org.testng.reporters.JUnitXMLReporter -->
<testsuite hostname="DESKTOP-HFE9AJU" ignored="0" name="Test" tests="0" failures="0" timestamp="20 Mar 2022 07:22:22 GMT" time="122.851" errors="0">
  <testcase name="@BeforeClass setUpClass" time="122.377" classname="com.myproject.cucumber.CustomAbtractBaseTestNGCucumber">
    <failure type="org.openqa.selenium.WebDriverException" message="chrome not reachable
Build info: version: &amp;apos;3.14.0&amp;apos;, revision: &amp;apos;aacccce0&amp;apos;, time: &amp;apos;2018-08-02T20:19:58.91Z&amp;apos;
System info: host: &amp;apos;DESKTOP-HFE9AJU&amp;apos;, ip: &amp;apos;192.168.0.102&amp;apos;, os.name: &amp;apos;Windows 10&amp;apos;, os.arch: &amp;apos;amd64&amp;apos;, os.version: &amp;apos;10.0&amp;apos;, java.version: &amp;apos;1.8.0_161&amp;apos;
Driver info: driver.version: EdgeDriver
remote stacktrace: Backtrace:
	Microsoft::Applications::Events::EventProperties::unpack [0x00EF4E43+58211]
	Microsoft::Applications::Events::ISemanticContext::SetCommonField [0x00DD3791+1400449]
	Microsoft::Applications::Events::ILogConfiguration::operator* [0x00BC3F3A+3162]
	Microsoft::Applications::Events::DebugEventListener::~DebugEventListener [0x00BBA0FF+96767]
	Microsoft::Applications::Events::GUID_t::GUID_t [0x00BE25DE+53630]
	Microsoft::Applications::Events::GUID_t::GUID_t [0x00BDFB82+42786]
	Microsoft::Applications::Events::GUID_t::GUID_t [0x00BDC579+28953]
	Microsoft::Applications::Events::GUID_t::GUID_t [0x00C06BA8+202568]
	Microsoft::Applications::Events::GUID_t::GUID_t [0x00C065CE+201070]
	Microsoft::Applications::Events::GUID_t::GUID_t [0x00C01A66+181766]
	Microsoft::Applications::Events::GUID_t::GUID_t [0x00BE4C66+63494]
	Microsoft::Applications::Events::GUID_t::GUID_t [0x00BE59F6+66966]
	Microsoft::Applications::Events::ISemanticContext::SetCommonField [0x00DED865+1507157]
	Microsoft::Applications::Events::ILogManager::DispatchEventBroadcast [0x010712C2+115298]
	Microsoft::Applications::Events::ILogManager::DispatchEventBroadcast [0x01071026+114630]
	Microsoft::Applications::Events::ILogManager::DispatchEventBroadcast [0x01074D40+130272]
	Microsoft::Applications::Events::ILogManager::DispatchEventBroadcast [0x0107195C+116988]
	Microsoft::Applications::Events::ISemanticContext::SetCommonField [0x00DE5207+1472759]
	Microsoft::Applications::Events::ISemanticContext::SetCommonField [0x00DF0048+1517368]
	Microsoft::Applications::Events::ISemanticContext::SetCommonField [0x00DF01D2+1517762]
	Microsoft::Applications::Events::ISemanticContext::SetCommonField [0x00E01E82+1590642]
	BaseThreadInitThunk [0x772FFA29+25]
	RtlGetAppContainerNamedObjectPath [0x777F7A7E+286]
	RtlGetAppContainerNamedObjectPath [0x777F7A4E+238]
">
      <![CDATA[org.openqa.selenium.WebDriverException: chrome not reachable
Build info: version: '3.14.0', revision: 'aacccce0', time: '2018-08-02T20:19:58.91Z'
System info: host: 'DESKTOP-HFE9AJU', ip: '192.168.0.102', os.name: 'Windows 10', os.arch: 'amd64', os.version: '10.0', java.version: '1.8.0_161'
Driver info: driver.version: EdgeDriver
remote stacktrace: Backtrace:
Microsoft::Applications::Events::EventProperties::unpack [0x00EF4E43+58211]
Microsoft::Applications::Events::ISemanticContext::SetCommonField [0x00DD3791+1400449]
Microsoft::Applications::Events::ILogConfiguration::operator* [0x00BC3F3A+3162]
Microsoft::Applications::Events::DebugEventListener::~DebugEventListener [0x00BBA0FF+96767]
Microsoft::Applications::Events::GUID_t::GUID_t [0x00BE25DE+53630]
Microsoft::Applications::Events::GUID_t::GUID_t [0x00BDFB82+42786]
Microsoft::Applications::Events::GUID_t::GUID_t [0x00BDC579+28953]
Microsoft::Applications::Events::GUID_t::GUID_t [0x00C06BA8+202568]
Microsoft::Applications::Events::GUID_t::GUID_t [0x00C065CE+201070]
Microsoft::Applications::Events::GUID_t::GUID_t [0x00C01A66+181766]
Microsoft::Applications::Events::GUID_t::GUID_t [0x00BE4C66+63494]
Microsoft::Applications::Events::GUID_t::GUID_t [0x00BE59F6+66966]
Microsoft::Applications::Events::ISemanticContext::SetCommonField [0x00DED865+1507157]
Microsoft::Applications::Events::ILogManager::DispatchEventBroadcast [0x010712C2+115298]
Microsoft::Applications::Events::ILogManager::DispatchEventBroadcast [0x01071026+114630]
Microsoft::Applications::Events::ILogManager::DispatchEventBroadcast [0x01074D40+130272]
Microsoft::Applications::Events::ILogManager::DispatchEventBroadcast [0x0107195C+116988]
Microsoft::Applications::Events::ISemanticContext::SetCommonField [0x00DE5207+1472759]
Microsoft::Applications::Events::ISemanticContext::SetCommonField [0x00DF0048+1517368]
Microsoft::Applications::Events::ISemanticContext::SetCommonField [0x00DF01D2+1517762]
Microsoft::Applications::Events::ISemanticContext::SetCommonField [0x00E01E82+1590642]
BaseThreadInitThunk [0x772FFA29+25]
RtlGetAppContainerNamedObjectPath [0x777F7A7E+286]
RtlGetAppContainerNamedObjectPath [0x777F7A4E+238]

at org.openqa.selenium.remote.W3CHandshakeResponse.lambda$new$0(W3CHandshakeResponse.java:57)
at org.openqa.selenium.remote.W3CHandshakeResponse.lambda$getResponseFunction$2(W3CHandshakeResponse.java:104)
at org.openqa.selenium.remote.ProtocolHandshake.lambda$createSession$0(ProtocolHandshake.java:122)
at java.util.stream.ReferencePipeline$3$1.accept(Unknown Source)
at java.util.Spliterators$ArraySpliterator.tryAdvance(Unknown Source)
at java.util.stream.ReferencePipeline.forEachWithCancel(Unknown Source)
at java.util.stream.AbstractPipeline.copyIntoWithCancel(Unknown Source)
at java.util.stream.AbstractPipeline.copyInto(Unknown Source)
at java.util.stream.AbstractPipeline.wrapAndCopyInto(Unknown Source)
at java.util.stream.FindOps$FindOp.evaluateSequential(Unknown Source)
at java.util.stream.AbstractPipeline.evaluate(Unknown Source)
at java.util.stream.ReferencePipeline.findFirst(Unknown Source)
at org.openqa.selenium.remote.ProtocolHandshake.createSession(ProtocolHandshake.java:125)
at org.openqa.selenium.remote.ProtocolHandshake.createSession(ProtocolHandshake.java:73)
at org.openqa.selenium.remote.HttpCommandExecutor.execute(HttpCommandExecutor.java:136)
at org.openqa.selenium.remote.service.DriverCommandExecutor.execute(DriverCommandExecutor.java:83)
at org.openqa.selenium.remote.RemoteWebDriver.execute(RemoteWebDriver.java:548)
at org.openqa.selenium.remote.RemoteWebDriver.startSession(RemoteWebDriver.java:212)
at org.openqa.selenium.remote.RemoteWebDriver.<init>(RemoteWebDriver.java:130)
at org.openqa.selenium.edge.EdgeDriver.<init>(EdgeDriver.java:141)
at org.openqa.selenium.edge.EdgeDriver.<init>(EdgeDriver.java:96)
at com.myproject.helperapis.Configuration.setWebDriver(Configuration.java:86)
at com.myproject.cucumber.CustomAbtractBaseTestNGCucumber.setUpClass(CustomAbtractBaseTestNGCucumber.java:29)
... Removed 30 stack frames]]>
    </failure>
  </testcase> <!-- @BeforeClass setUpClass -->
</testsuite> <!-- Test -->
