<?xml version="1.0" encoding="UTF-8"?>
<!-- Generated by org.testng.reporters.JUnitReportReporter -->
<testsuite skipped="0" hostname="DESKTOP-HFE9AJU" name="com.myproject.testrunner.TestRunner" tests="1" failures="0" timestamp="20 Mar 2022 07:22:23 GMT" time="122.377" errors="1">
  <testcase name="setUpClass" time="122.377" classname="com.myproject.testrunner.TestRunner">
    <error type="org.openqa.selenium.WebDriverException" message="chrome not reachable
Build info: version: &#039;3.14.0&#039;, revision: &#039;aacccce0&#039;, time: &#039;2018-08-02T20:19:58.91Z&#039;
System info: host: &#039;DESKTOP-HFE9AJU&#039;, ip: &#039;192.168.0.102&#039;, os.name: &#039;Windows 10&#039;, os.arch: &#039;amd64&#039;, os.version: &#039;10.0&#039;, java.version: &#039;1.8.0_161&#039;
Driver info: driver.version: EdgeDriver
remote stacktrace: Backtrace:
	Microsoft::Applications::Events::EventProperties::unpack [0x00EF4E43+58211]
	Microsoft::Applications::Events::ISemanticContext::SetCommonField [0x00DD3791+1400449]
	Microsoft::Applications::Events::ILogConfiguration::operator* [0x00BC3F3A+3162]
	Microsoft::Applications::Events::DebugEventListener::~DebugEventListener [0x00BBA0FF+96767]
	Microsoft::Applications::Events::GUID_t::GUID_t [0x00BE25DE+53630]
	Microsoft::Applications::Events::GUID_t::GUID_t [0x00BDFB82+42786]
	Microsoft::Applications::Events::GUID_t::GUID_t [0x00BDC579+28953]
	Microsoft::Applications::Events::GUID_t::GUID_t [0x00C06BA8+202568]
	Microsoft::Applications::Events::GUID_t::GUID_t [0x00C065CE+201070]
	Microsoft::Applications::Events::GUID_t::GUID_t [0x00C01A66+181766]
	Microsoft::Applications::Events::GUID_t::GUID_t [0x00BE4C66+63494]
	Microsoft::Applications::Events::GUID_t::GUID_t [0x00BE59F6+66966]
	Microsoft::Applications::Events::ISemanticContext::SetCommonField [0x00DED865+1507157]
	Microsoft::Applications::Events::ILogManager::DispatchEventBroadcast [0x010712C2+115298]
	Microsoft::Applications::Events::ILogManager::DispatchEventBroadcast [0x01071026+114630]
	Microsoft::Applications::Events::ILogManager::DispatchEventBroadcast [0x01074D40+130272]
	Microsoft::Applications::Events::ILogManager::DispatchEventBroadcast [0x0107195C+116988]
	Microsoft::Applications::Events::ISemanticContext::SetCommonField [0x00DE5207+1472759]
	Microsoft::Applications::Events::ISemanticContext::SetCommonField [0x00DF0048+1517368]
	Microsoft::Applications::Events::ISemanticContext::SetCommonField [0x00DF01D2+1517762]
	Microsoft::Applications::Events::ISemanticContext::SetCommonField [0x00E01E82+1590642]
	BaseThreadInitThunk [0x772FFA29+25]
	RtlGetAppContainerNamedObjectPath [0x777F7A7E+286]
	RtlGetAppContainerNamedObjectPath [0x777F7A4E+238]
">
      <![CDATA[org.openqa.selenium.WebDriverException: chrome not reachable
Build info: version: '3.14.0', revision: 'aacccce0', time: '2018-08-02T20:19:58.91Z'
System info: host: 'DESKTOP-HFE9AJU', ip: '192.168.0.102', os.name: 'Windows 10', os.arch: 'amd64', os.version: '10.0', java.version: '1.8.0_161'
Driver info: driver.version: EdgeDriver
remote stacktrace: Backtrace:
Microsoft::Applications::Events::EventProperties::unpack [0x00EF4E43+58211]
Microsoft::Applications::Events::ISemanticContext::SetCommonField [0x00DD3791+1400449]
Microsoft::Applications::Events::ILogConfiguration::operator* [0x00BC3F3A+3162]
Microsoft::Applications::Events::DebugEventListener::~DebugEventListener [0x00BBA0FF+96767]
Microsoft::Applications::Events::GUID_t::GUID_t [0x00BE25DE+53630]
Microsoft::Applications::Events::GUID_t::GUID_t [0x00BDFB82+42786]
Microsoft::Applications::Events::GUID_t::GUID_t [0x00BDC579+28953]
Microsoft::Applications::Events::GUID_t::GUID_t [0x00C06BA8+202568]
Microsoft::Applications::Events::GUID_t::GUID_t [0x00C065CE+201070]
Microsoft::Applications::Events::GUID_t::GUID_t [0x00C01A66+181766]
Microsoft::Applications::Events::GUID_t::GUID_t [0x00BE4C66+63494]
Microsoft::Applications::Events::GUID_t::GUID_t [0x00BE59F6+66966]
Microsoft::Applications::Events::ISemanticContext::SetCommonField [0x00DED865+1507157]
Microsoft::Applications::Events::ILogManager::DispatchEventBroadcast [0x010712C2+115298]
Microsoft::Applications::Events::ILogManager::DispatchEventBroadcast [0x01071026+114630]
Microsoft::Applications::Events::ILogManager::DispatchEventBroadcast [0x01074D40+130272]
Microsoft::Applications::Events::ILogManager::DispatchEventBroadcast [0x0107195C+116988]
Microsoft::Applications::Events::ISemanticContext::SetCommonField [0x00DE5207+1472759]
Microsoft::Applications::Events::ISemanticContext::SetCommonField [0x00DF0048+1517368]
Microsoft::Applications::Events::ISemanticContext::SetCommonField [0x00DF01D2+1517762]
Microsoft::Applications::Events::ISemanticContext::SetCommonField [0x00E01E82+1590642]
BaseThreadInitThunk [0x772FFA29+25]
RtlGetAppContainerNamedObjectPath [0x777F7A7E+286]
RtlGetAppContainerNamedObjectPath [0x777F7A4E+238]

at sun.reflect.NativeConstructorAccessorImpl.newInstance0(Native Method)
at sun.reflect.NativeConstructorAccessorImpl.newInstance(Unknown Source)
at sun.reflect.DelegatingConstructorAccessorImpl.newInstance(Unknown Source)
at java.lang.reflect.Constructor.newInstance(Unknown Source)
at org.openqa.selenium.remote.W3CHandshakeResponse.lambda$new$0(W3CHandshakeResponse.java:57)
at org.openqa.selenium.remote.W3CHandshakeResponse.lambda$getResponseFunction$2(W3CHandshakeResponse.java:104)
at org.openqa.selenium.remote.ProtocolHandshake.lambda$createSession$0(ProtocolHandshake.java:122)
at java.util.stream.ReferencePipeline$3$1.accept(Unknown Source)
at java.util.Spliterators$ArraySpliterator.tryAdvance(Unknown Source)
at java.util.stream.ReferencePipeline.forEachWithCancel(Unknown Source)
at java.util.stream.AbstractPipeline.copyIntoWithCancel(Unknown Source)
at java.util.stream.AbstractPipeline.copyInto(Unknown Source)
at java.util.stream.AbstractPipeline.wrapAndCopyInto(Unknown Source)
at java.util.stream.FindOps$FindOp.evaluateSequential(Unknown Source)
at java.util.stream.AbstractPipeline.evaluate(Unknown Source)
at java.util.stream.ReferencePipeline.findFirst(Unknown Source)
at org.openqa.selenium.remote.ProtocolHandshake.createSession(ProtocolHandshake.java:125)
at org.openqa.selenium.remote.ProtocolHandshake.createSession(ProtocolHandshake.java:73)
at org.openqa.selenium.remote.HttpCommandExecutor.execute(HttpCommandExecutor.java:136)
at org.openqa.selenium.remote.service.DriverCommandExecutor.execute(DriverCommandExecutor.java:83)
at org.openqa.selenium.remote.RemoteWebDriver.execute(RemoteWebDriver.java:548)
at org.openqa.selenium.remote.RemoteWebDriver.startSession(RemoteWebDriver.java:212)
at org.openqa.selenium.remote.RemoteWebDriver.<init>(RemoteWebDriver.java:130)
at org.openqa.selenium.edge.EdgeDriver.<init>(EdgeDriver.java:141)
at org.openqa.selenium.edge.EdgeDriver.<init>(EdgeDriver.java:96)
at com.myproject.helperapis.Configuration.setWebDriver(Configuration.java:86)
at com.myproject.cucumber.CustomAbtractBaseTestNGCucumber.setUpClass(CustomAbtractBaseTestNGCucumber.java:29)
at sun.reflect.NativeMethodAccessorImpl.invoke0(Native Method)
at sun.reflect.NativeMethodAccessorImpl.invoke(Unknown Source)
at sun.reflect.DelegatingMethodAccessorImpl.invoke(Unknown Source)
at java.lang.reflect.Method.invoke(Unknown Source)
at org.testng.internal.MethodInvocationHelper.invokeMethod(MethodInvocationHelper.java:124)
at org.testng.internal.MethodInvocationHelper.invokeMethodConsideringTimeout(MethodInvocationHelper.java:59)
at org.testng.internal.Invoker.invokeConfigurationMethod(Invoker.java:458)
at org.testng.internal.Invoker.invokeConfigurations(Invoker.java:222)
at org.testng.internal.Invoker.invokeConfigurations(Invoker.java:142)
at org.testng.internal.TestMethodWorker.invokeBeforeClassMethods(TestMethodWorker.java:168)
at org.testng.internal.TestMethodWorker.run(TestMethodWorker.java:105)
at org.testng.TestRunner.privateRun(TestRunner.java:648)
at org.testng.TestRunner.run(TestRunner.java:505)
at org.testng.SuiteRunner.runTest(SuiteRunner.java:455)
at org.testng.SuiteRunner.runSequentially(SuiteRunner.java:450)
at org.testng.SuiteRunner.privateRun(SuiteRunner.java:415)
at org.testng.SuiteRunner.run(SuiteRunner.java:364)
at org.testng.SuiteRunnerWorker.runSuite(SuiteRunnerWorker.java:52)
at org.testng.SuiteRunnerWorker.run(SuiteRunnerWorker.java:84)
at org.testng.TestNG.runSuitesSequentially(TestNG.java:1208)
at org.testng.TestNG.runSuitesLocally(TestNG.java:1137)
at org.testng.TestNG.runSuites(TestNG.java:1049)
at org.testng.TestNG.run(TestNG.java:1017)
at org.testng.remote.AbstractRemoteTestNG.run(AbstractRemoteTestNG.java:115)
at org.testng.remote.RemoteTestNG.initAndRun(RemoteTestNG.java:251)
at org.testng.remote.RemoteTestNG.main(RemoteTestNG.java:77)
]]>
    </error>
  </testcase> <!-- setUpClass -->
</testsuite> <!-- com.myproject.testrunner.TestRunner -->
